<?xml version="1.0"?><coverage lines-covered="701" lines-valid="846" line-rate="0.8286052009456265" branches-covered="0" branches-valid="0" branch-rate="0" complexity="0" version="1.9" timestamp="1767716806"><sources><source>/home/lucac/github/sql-rules</source></sources><packages><package name="src/constraints/table_constraints" line-rate="0.8915989159891599" branch-rate="0" complexity="0"><classes><class name="has_primary_key" filename="src/constraints/table_constraints/has_primary_key.rs" line-rate="0.9375" branch-rate="0" complexity="0"><methods/><lines><line number="33" hits="2"/><line number="34" hits="2"/><line number="39" hits="1"/><line number="40" hits="2"/><line number="41" hits="3"/><line number="42" hits="1"/><line number="49" hits="2"/><line number="54" hits="6"/><line number="55" hits="1"/><line number="57" hits="3"/><line number="60" hits="3"/><line number="62" hits="2"/><line number="63" hits="0"/><line number="64" hits="2"/><line number="67" hits="3"/><line number="71" hits="1"/></lines></class><class name="lowercase_table_name" filename="src/constraints/table_constraints/lowercase_table_name.rs" line-rate="0.9411764705882353" branch-rate="0" complexity="0"><methods/><lines><line number="32" hits="2"/><line number="33" hits="2"/><line number="38" hits="1"/><line number="39" hits="2"/><line number="40" hits="3"/><line number="41" hits="1"/><line number="48" hits="2"/><line number="53" hits="2"/><line number="56" hits="26"/><line number="58" hits="1"/><line number="60" hits="3"/><line number="63" hits="3"/><line number="65" hits="2"/><line number="66" hits="0"/><line number="67" hits="2"/><line number="70" hits="3"/><line number="74" hits="1"/></lines></class><class name="no_forbidden_column_in_extension" filename="src/constraints/table_constraints/no_forbidden_column_in_extension.rs" line-rate="0.84375" branch-rate="0" complexity="0"><methods/><lines><line number="96" hits="4"/><line number="98" hits="8"/><line number="105" hits="1"/><line number="106" hits="1"/><line number="111" hits="2"/><line number="112" hits="4"/><line number="113" hits="6"/><line number="114" hits="2"/><line number="121" hits="5"/><line number="127" hits="10"/><line number="129" hits="2"/><line number="133" hits="6"/><line number="134" hits="15"/><line number="135" hits="18"/><line number="136" hits="6"/><line number="137" hits="6"/><line number="138" hits="4"/><line number="139" hits="4"/><line number="140" hits="6"/><line number="143" hits="6"/><line number="146" hits="6"/><line number="148" hits="4"/><line number="149" hits="0"/><line number="150" hits="0"/><line number="151" hits="4"/><line number="152" hits="4"/><line number="153" hits="0"/><line number="156" hits="4"/><line number="157" hits="0"/><line number="158" hits="0"/><line number="163" hits="2"/><line number="167" hits="1"/></lines></class><class name="no_negation_check_constraint" filename="src/constraints/table_constraints/no_negation_check_constraint.rs" line-rate="0.9166666666666666" branch-rate="0" complexity="0"><methods/><lines><line number="58" hits="2"/><line number="59" hits="2"/><line number="64" hits="1"/><line number="65" hits="2"/><line number="66" hits="3"/><line number="67" hits="1"/><line number="74" hits="3"/><line number="79" hits="6"/><line number="80" hits="3"/><line number="81" hits="12"/><line number="83" hits="6"/><line number="86" hits="6"/><line number="87" hits="2"/><line number="88" hits="8"/><line number="89" hits="8"/><line number="90" hits="2"/><line number="92" hits="6"/><line number="95" hits="6"/><line number="97" hits="4"/><line number="98" hits="0"/><line number="99" hits="0"/><line number="102" hits="6"/><line number="106" hits="2"/><line number="108" hits="1"/></lines></class><class name="no_rust_keyword_table_name" filename="src/constraints/table_constraints/no_rust_keyword_table_name.rs" line-rate="0.8823529411764706" branch-rate="0" complexity="0"><methods/><lines><line number="34" hits="2"/><line number="35" hits="2"/><line number="40" hits="1"/><line number="41" hits="2"/><line number="42" hits="3"/><line number="43" hits="1"/><line number="50" hits="2"/><line number="55" hits="6"/><line number="56" hits="4"/><line number="57" hits="3"/><line number="60" hits="3"/><line number="62" hits="2"/><line number="64" hits="2"/><line number="65" hits="0"/><line number="66" hits="0"/><line number="71" hits="1"/><line number="73" hits="1"/></lines></class><class name="no_tautological_check_constraint" filename="src/constraints/table_constraints/no_tautological_check_constraint.rs" line-rate="0.84" branch-rate="0" complexity="0"><methods/><lines><line number="58" hits="2"/><line number="59" hits="2"/><line number="66" hits="1"/><line number="67" hits="2"/><line number="68" hits="3"/><line number="69" hits="1"/><line number="76" hits="3"/><line number="82" hits="12"/><line number="83" hits="9"/><line number="84" hits="6"/><line number="87" hits="6"/><line number="88" hits="2"/><line number="89" hits="8"/><line number="90" hits="8"/><line number="91" hits="2"/><line number="93" hits="6"/><line number="96" hits="6"/><line number="98" hits="4"/><line number="99" hits="0"/><line number="100" hits="0"/><line number="103" hits="4"/><line number="104" hits="0"/><line number="105" hits="0"/><line number="110" hits="2"/><line number="114" hits="1"/></lines></class><class name="non_redundant_extension_dag" filename="src/constraints/table_constraints/non_redundant_extension_dag.rs" line-rate="0.96" branch-rate="0" complexity="0"><methods/><lines><line number="81" hits="2"/><line number="82" hits="2"/><line number="87" hits="1"/><line number="88" hits="2"/><line number="89" hits="3"/><line number="90" hits="1"/><line number="97" hits="6"/><line number="103" hits="12"/><line number="104" hits="12"/><line number="107" hits="26"/><line number="108" hits="36"/><line number="109" hits="11"/><line number="110" hits="6"/><line number="112" hits="20"/><line number="113" hits="4"/><line number="115" hits="6"/><line number="118" hits="6"/><line number="120" hits="4"/><line number="121" hits="0"/><line number="122" hits="4"/><line number="126" hits="2"/><line number="127" hits="2"/><line number="128" hits="2"/><line number="133" hits="2"/><line number="138" hits="4"/></lines></class><class name="plural_table_name" filename="src/constraints/table_constraints/plural_table_name.rs" line-rate="0.9166666666666666" branch-rate="0" complexity="0"><methods/><lines><line number="64" hits="2"/><line number="65" hits="2"/><line number="70" hits="1"/><line number="71" hits="2"/><line number="72" hits="3"/><line number="73" hits="1"/><line number="80" hits="10"/><line number="85" hits="30"/><line number="86" hits="50"/><line number="90" hits="30"/><line number="92" hits="10"/><line number="93" hits="5"/><line number="95" hits="10"/><line number="96" hits="15"/><line number="97" hits="4"/><line number="98" hits="2"/><line number="100" hits="8"/><line number="103" hits="15"/><line number="106" hits="15"/><line number="108" hits="10"/><line number="109" hits="0"/><line number="112" hits="10"/><line number="113" hits="0"/><line number="118" hits="5"/></lines></class><class name="snake_case_table_name" filename="src/constraints/table_constraints/snake_case_table_name.rs" line-rate="0.8" branch-rate="0" complexity="0"><methods/><lines><line number="49" hits="2"/><line number="50" hits="2"/><line number="55" hits="1"/><line number="56" hits="2"/><line number="57" hits="3"/><line number="58" hits="1"/><line number="65" hits="6"/><line number="70" hits="18"/><line number="71" hits="18"/><line number="74" hits="6"/><line number="75" hits="3"/><line number="77" hits="9"/><line number="78" hits="1"/><line number="79" hits="12"/><line number="80" hits="2"/><line number="81" hits="0"/><line number="82" hits="0"/><line number="84" hits="0"/><line number="87" hits="9"/><line number="90" hits="9"/><line number="92" hits="6"/><line number="93" hits="0"/><line number="96" hits="6"/><line number="97" hits="0"/><line number="102" hits="3"/></lines></class><class name="unique_check_constraint" filename="src/constraints/table_constraints/unique_check_constraint.rs" line-rate="0.9473684210526315" branch-rate="0" complexity="0"><methods/><lines><line number="36" hits="2"/><line number="37" hits="2"/><line number="42" hits="1"/><line number="43" hits="2"/><line number="44" hits="3"/><line number="45" hits="1"/><line number="52" hits="2"/><line number="57" hits="10"/><line number="58" hits="10"/><line number="59" hits="3"/><line number="60" hits="4"/><line number="61" hits="3"/><line number="64" hits="3"/><line number="66" hits="2"/><line number="67" hits="0"/><line number="68" hits="2"/><line number="71" hits="3"/><line number="75" hits="1"/><line number="78" hits="1"/></lines></class><class name="unique_column_names_in_extension_graph" filename="src/constraints/table_constraints/unique_column_names_in_extension_graph.rs" line-rate="0.8939393939393939" branch-rate="0" complexity="0"><methods/><lines><line number="102" hits="2"/><line number="103" hits="2"/><line number="110" hits="1"/><line number="111" hits="2"/><line number="112" hits="3"/><line number="113" hits="1"/><line number="119" hits="4"/><line number="120" hits="8"/><line number="121" hits="8"/><line number="122" hits="8"/><line number="125" hits="8"/><line number="126" hits="0"/><line number="129" hits="12"/><line number="130" hits="12"/><line number="131" hits="12"/><line number="133" hits="14"/><line number="134" hits="15"/><line number="135" hits="15"/><line number="136" hits="0"/><line number="138" hits="15"/><line number="140" hits="35"/><line number="141" hits="30"/><line number="144" hits="17"/><line number="145" hits="2"/><line number="149" hits="20"/><line number="150" hits="24"/><line number="151" hits="16"/><line number="152" hits="8"/><line number="153" hits="24"/><line number="155" hits="4"/><line number="157" hits="14"/><line number="158" hits="6"/><line number="162" hits="4"/><line number="169" hits="8"/><line number="175" hits="16"/><line number="176" hits="16"/><line number="180" hits="16"/><line number="181" hits="4"/><line number="185" hits="12"/><line number="186" hits="12"/><line number="187" hits="12"/><line number="189" hits="14"/><line number="190" hits="15"/><line number="193" hits="15"/><line number="194" hits="0"/><line number="196" hits="15"/><line number="199" hits="35"/><line number="200" hits="30"/><line number="204" hits="17"/><line number="205" hits="2"/><line number="210" hits="16"/><line number="212" hits="4"/><line number="213" hits="6"/><line number="214" hits="6"/><line number="217" hits="6"/><line number="219" hits="4"/><line number="220" hits="0"/><line number="221" hits="4"/><line number="222" hits="4"/><line number="223" hits="0"/><line number="226" hits="4"/><line number="227" hits="0"/><line number="228" hits="4"/><line number="229" hits="0"/><line number="234" hits="2"/><line number="237" hits="2"/></lines></class><class name="unique_foreign_key" filename="src/constraints/table_constraints/unique_foreign_key.rs" line-rate="0.8793103448275862" branch-rate="0" complexity="0"><methods/><lines><line number="42" hits="2"/><line number="43" hits="2"/><line number="48" hits="1"/><line number="49" hits="2"/><line number="50" hits="3"/><line number="51" hits="1"/><line number="58" hits="3"/><line number="64" hits="15"/><line number="65" hits="9"/><line number="67" hits="8"/><line number="68" hits="10"/><line number="69" hits="25"/><line number="70" hits="10"/><line number="72" hits="20"/><line number="73" hits="15"/><line number="74" hits="25"/><line number="75" hits="10"/><line number="77" hits="10"/><line number="81" hits="6"/><line number="84" hits="6"/><line number="85" hits="5"/><line number="86" hits="10"/><line number="87" hits="2"/><line number="89" hits="6"/><line number="90" hits="6"/><line number="91" hits="2"/><line number="95" hits="3"/><line number="96" hits="6"/><line number="98" hits="8"/><line number="100" hits="0"/><line number="103" hits="0"/><line number="105" hits="0"/><line number="107" hits="0"/><line number="113" hits="4"/><line number="114" hits="6"/><line number="115" hits="36"/><line number="116" hits="16"/><line number="117" hits="12"/><line number="118" hits="8"/><line number="119" hits="12"/><line number="122" hits="12"/><line number="123" hits="0"/><line number="124" hits="8"/><line number="125" hits="8"/><line number="126" hits="8"/><line number="130" hits="4"/><line number="132" hits="0"/><line number="133" hits="4"/><line number="134" hits="4"/><line number="137" hits="4"/><line number="139" hits="0"/><line number="140" hits="4"/><line number="143" hits="2"/><line number="146" hits="6"/><line number="148" hits="4"/><line number="150" hits="4"/><line number="156" hits="2"/><line number="159" hits="1"/></lines></class><class name="unique_unique_index" filename="src/constraints/table_constraints/unique_unique_index.rs" line-rate="0.9047619047619048" branch-rate="0" complexity="0"><methods/><lines><line number="34" hits="2"/><line number="35" hits="2"/><line number="40" hits="1"/><line number="41" hits="2"/><line number="42" hits="3"/><line number="43" hits="1"/><line number="50" hits="2"/><line number="55" hits="10"/><line number="56" hits="10"/><line number="57" hits="3"/><line number="58" hits="4"/><line number="59" hits="4"/><line number="60" hits="3"/><line number="63" hits="3"/><line number="65" hits="2"/><line number="66" hits="0"/><line number="67" hits="2"/><line number="68" hits="0"/><line number="71" hits="3"/><line number="75" hits="1"/><line number="78" hits="1"/></lines></class></classes></package><package name="src/traits/constrainer" line-rate="0.7966101694915254" branch-rate="0" complexity="0"><classes><class name="default_constrainer" filename="src/traits/constrainer/default_constrainer.rs" line-rate="0.7209302325581395" branch-rate="0" complexity="0"><methods/><lines><line number="73" hits="1"/><line number="74" hits="2"/><line number="77" hits="3"/><line number="78" hits="3"/><line number="79" hits="3"/><line number="80" hits="3"/><line number="81" hits="3"/><line number="82" hits="3"/><line number="83" hits="3"/><line number="84" hits="3"/><line number="85" hits="1"/><line number="87" hits="3"/><line number="88" hits="3"/><line number="89" hits="1"/><line number="90" hits="2"/><line number="91" hits="3"/><line number="92" hits="3"/><line number="95" hits="3"/><line number="96" hits="3"/><line number="97" hits="3"/><line number="98" hits="3"/><line number="99" hits="3"/><line number="102" hits="3"/><line number="103" hits="3"/><line number="104" hits="3"/><line number="105" hits="1"/><line number="106" hits="2"/><line number="107" hits="3"/><line number="108" hits="1"/><line number="110" hits="1"/><line number="111" hits="2"/><line number="123" hits="0"/><line number="126" hits="0"/><line number="129" hits="0"/><line number="136" hits="0"/><line number="139" hits="0"/><line number="143" hits="0"/><line number="146" hits="0"/><line number="150" hits="0"/><line number="153" hits="0"/><line number="159" hits="0"/><line number="162" hits="0"/><line number="166" hits="0"/></lines></class><class name="generic_constrainer" filename="src/traits/constrainer/generic_constrainer.rs" line-rate="1" branch-rate="0" complexity="0"><methods/><lines><line number="18" hits="26"/><line number="20" hits="52"/><line number="21" hits="26"/><line number="22" hits="26"/><line number="30" hits="117"/><line number="33" hits="234"/><line number="36" hits="114"/><line number="43" hits="228"/><line number="46" hits="36"/><line number="50" hits="72"/><line number="53" hits="27"/><line number="57" hits="81"/><line number="60" hits="10"/><line number="66" hits="30"/><line number="69" hits="12"/><line number="73" hits="36"/></lines></class></classes></package><package name="src/error" line-rate="0.625" branch-rate="0" complexity="0"><classes><class name="constraint_error_info" filename="src/error/constraint_error_info.rs" line-rate="0.2222222222222222" branch-rate="0" complexity="0"><methods/><lines><line number="27" hits="42"/><line number="28" hits="42"/><line number="33" hits="42"/><line number="34" hits="42"/><line number="39" hits="0"/><line number="40" hits="0"/><line number="41" hits="0"/><line number="45" hits="0"/><line number="46" hits="0"/><line number="48" hits="0"/><line number="53" hits="0"/><line number="54" hits="0"/><line number="57" hits="0"/><line number="58" hits="0"/><line number="61" hits="0"/><line number="62" hits="0"/><line number="65" hits="0"/><line number="66" hits="0"/></lines></class></classes></package><package name="src/traits" line-rate="0.8421052631578947" branch-rate="0" complexity="0"><classes><class name="constrainer" filename="src/traits/constrainer.rs" line-rate="1" branch-rate="0" complexity="0"><methods/><lines><line number="58" hits="117"/><line number="63" hits="117"/><line number="64" hits="333"/><line number="72" hits="114"/><line number="77" hits="114"/><line number="78" hits="218"/><line number="87" hits="36"/><line number="92" hits="36"/><line number="93" hits="148"/><line number="102" hits="90"/><line number="103" hits="297"/><line number="104" hits="493"/><line number="105" hits="390"/><line number="106" hits="467"/><line number="108" hits="279"/><line number="109" hits="150"/><line number="112" hits="48"/></lines></class></classes></package><package name="src/error/constraint_error_info" line-rate="0.8666666666666667" branch-rate="0" complexity="0"><classes><class name="builder" filename="src/error/constraint_error_info/builder.rs" line-rate="0.8666666666666667" branch-rate="0" complexity="0"><methods/><lines><line number="16" hits="42"/><line number="20" hits="84"/><line number="21" hits="0"/><line number="23" hits="42"/><line number="24" hits="42"/><line number="28" hits="42"/><line number="29" hits="84"/><line number="30" hits="0"/><line number="32" hits="84"/><line number="33" hits="42"/><line number="37" hits="42"/><line number="38" hits="84"/><line number="39" hits="0"/><line number="41" hits="84"/><line number="42" hits="42"/><line number="46" hits="42"/><line number="50" hits="84"/><line number="51" hits="0"/><line number="53" hits="84"/><line number="54" hits="42"/><line number="76" hits="42"/><line number="78" hits="84"/><line number="79" hits="42"/><line number="81" hits="42"/><line number="82" hits="42"/><line number="83" hits="84"/><line number="84" hits="42"/><line number="85" hits="42"/><line number="86" hits="84"/><line number="87" hits="42"/></lines></class></classes></package><package name="src" line-rate="0.8286052009456265" branch-rate="0" complexity="0"><classes></classes></package><package name="src/constraints/foreign_key_constraints" line-rate="0.7608695652173914" branch-rate="0" complexity="0"><classes><class name="compatible_foreign_key" filename="src/constraints/foreign_key_constraints/compatible_foreign_key.rs" line-rate="0.4578313253012048" branch-rate="0" complexity="0"><methods/><lines><line number="71" hits="2"/><line number="72" hits="2"/><line number="77" hits="1"/><line number="78" hits="2"/><line number="79" hits="3"/><line number="80" hits="1"/><line number="87" hits="11"/><line number="92" hits="44"/><line number="93" hits="44"/><line number="94" hits="33"/><line number="95" hits="22"/><line number="96" hits="44"/><line number="98" hits="33"/><line number="100" hits="4"/><line number="101" hits="0"/><line number="104" hits="0"/><line number="105" hits="0"/><line number="106" hits="0"/><line number="107" hits="0"/><line number="108" hits="0"/><line number="109" hits="0"/><line number="111" hits="0"/><line number="112" hits="0"/><line number="113" hits="0"/><line number="114" hits="0"/><line number="117" hits="3"/><line number="118" hits="2"/><line number="121" hits="2"/><line number="122" hits="1"/><line number="123" hits="3"/><line number="124" hits="3"/><line number="125" hits="4"/><line number="126" hits="3"/><line number="127" hits="3"/><line number="128" hits="4"/><line number="130" hits="2"/><line number="131" hits="1"/><line number="132" hits="3"/><line number="133" hits="3"/><line number="134" hits="2"/><line number="139" hits="0"/><line number="140" hits="0"/><line number="141" hits="0"/><line number="142" hits="0"/><line number="144" hits="0"/><line number="145" hits="0"/><line number="147" hits="0"/><line number="150" hits="0"/><line number="151" hits="0"/><line number="153" hits="0"/><line number="156" hits="0"/><line number="157" hits="0"/><line number="159" hits="0"/><line number="162" hits="0"/><line number="163" hits="0"/><line number="165" hits="0"/><line number="169" hits="0"/><line number="170" hits="0"/><line number="171" hits="0"/><line number="172" hits="0"/><line number="173" hits="0"/><line number="174" hits="0"/><line number="175" hits="0"/><line number="176" hits="0"/><line number="177" hits="0"/><line number="178" hits="0"/><line number="179" hits="0"/><line number="180" hits="0"/><line number="182" hits="0"/><line number="183" hits="0"/><line number="184" hits="0"/><line number="185" hits="0"/><line number="186" hits="0"/><line number="187" hits="0"/><line number="192" hits="3"/><line number="196" hits="2"/><line number="197" hits="2"/><line number="198" hits="1"/><line number="199" hits="1"/><line number="202" hits="2"/><line number="204" hits="2"/><line number="208" hits="1"/><line number="212" hits="10"/></lines></class><class name="extension_foreign_key_on_delete_cascade" filename="src/constraints/foreign_key_constraints/extension_foreign_key_on_delete_cascade.rs" line-rate="0.918918918918919" branch-rate="0" complexity="0"><methods/><lines><line number="74" hits="2"/><line number="75" hits="2"/><line number="82" hits="1"/><line number="83" hits="2"/><line number="84" hits="3"/><line number="85" hits="1"/><line number="92" hits="3"/><line number="98" hits="9"/><line number="99" hits="4"/><line number="101" hits="4"/><line number="102" hits="4"/><line number="104" hits="2"/><line number="106" hits="1"/><line number="107" hits="2"/><line number="108" hits="1"/><line number="109" hits="0"/><line number="110" hits="2"/><line number="111" hits="1"/><line number="112" hits="2"/><line number="113" hits="3"/><line number="114" hits="1"/><line number="115" hits="2"/><line number="116" hits="2"/><line number="117" hits="1"/><line number="118" hits="2"/><line number="119" hits="3"/><line number="120" hits="1"/><line number="121" hits="2"/><line number="125" hits="3"/><line number="128" hits="3"/><line number="130" hits="2"/><line number="131" hits="0"/><line number="132" hits="0"/><line number="133" hits="2"/><line number="137" hits="2"/><line number="142" hits="1"/><line number="144" hits="2"/></lines></class><class name="lowercase_foreign_key_name" filename="src/constraints/foreign_key_constraints/lowercase_foreign_key_name.rs" line-rate="0.9411764705882353" branch-rate="0" complexity="0"><methods/><lines><line number="45" hits="2"/><line number="46" hits="2"/><line number="51" hits="1"/><line number="52" hits="2"/><line number="53" hits="3"/><line number="54" hits="1"/><line number="61" hits="3"/><line number="66" hits="5"/><line number="67" hits="4"/><line number="69" hits="3"/><line number="72" hits="4"/><line number="74" hits="2"/><line number="75" hits="0"/><line number="76" hits="3"/><line number="79" hits="3"/><line number="83" hits="1"/><line number="85" hits="2"/></lines></class><class name="no_rust_keyword_foreign_key_name" filename="src/constraints/foreign_key_constraints/no_rust_keyword_foreign_key_name.rs" line-rate="0.8823529411764706" branch-rate="0" complexity="0"><methods/><lines><line number="34" hits="2"/><line number="35" hits="2"/><line number="40" hits="1"/><line number="41" hits="2"/><line number="42" hits="3"/><line number="43" hits="1"/><line number="50" hits="2"/><line number="55" hits="4"/><line number="56" hits="4"/><line number="58" hits="3"/><line number="61" hits="3"/><line number="63" hits="2"/><line number="65" hits="2"/><line number="66" hits="0"/><line number="67" hits="0"/><line number="72" hits="1"/><line number="74" hits="1"/></lines></class><class name="primary_key_reference_ends_with_id" filename="src/constraints/foreign_key_constraints/primary_key_reference_ends_with_id.rs" line-rate="0.95" branch-rate="0" complexity="0"><methods/><lines><line number="66" hits="2"/><line number="67" hits="2"/><line number="74" hits="1"/><line number="75" hits="2"/><line number="76" hits="3"/><line number="77" hits="1"/><line number="84" hits="5"/><line number="89" hits="20"/><line number="90" hits="20"/><line number="92" hits="15"/><line number="93" hits="10"/><line number="94" hits="20"/><line number="97" hits="5"/><line number="98" hits="20"/><line number="99" hits="3"/><line number="103" hits="7"/><line number="104" hits="4"/><line number="105" hits="2"/><line number="106" hits="4"/><line number="107" hits="4"/><line number="108" hits="4"/><line number="114" hits="9"/><line number="115" hits="3"/><line number="119" hits="2"/><line number="120" hits="2"/><line number="121" hits="1"/><line number="122" hits="1"/><line number="125" hits="2"/><line number="126" hits="0"/><line number="127" hits="2"/><line number="128" hits="2"/><line number="129" hits="2"/><line number="130" hits="2"/><line number="133" hits="2"/><line number="134" hits="0"/><line number="135" hits="2"/><line number="136" hits="2"/><line number="137" hits="2"/><line number="142" hits="1"/><line number="146" hits="4"/></lines></class><class name="references_unique_index" filename="src/constraints/foreign_key_constraints/references_unique_index.rs" line-rate="0.9444444444444444" branch-rate="0" complexity="0"><methods/><lines><line number="64" hits="2"/><line number="65" hits="2"/><line number="70" hits="1"/><line number="71" hits="2"/><line number="72" hits="3"/><line number="73" hits="1"/><line number="80" hits="4"/><line number="85" hits="16"/><line number="86" hits="16"/><line number="87" hits="24"/><line number="90" hits="4"/><line number="91" hits="8"/><line number="92" hits="4"/><line number="93" hits="7"/><line number="94" hits="18"/><line number="96" hits="3"/><line number="99" hits="4"/><line number="100" hits="3"/><line number="102" hits="3"/><line number="105" hits="3"/><line number="109" hits="2"/><line number="110" hits="2"/><line number="111" hits="1"/><line number="112" hits="1"/><line number="115" hits="2"/><line number="116" hits="0"/><line number="117" hits="2"/><line number="118" hits="2"/><line number="119" hits="2"/><line number="122" hits="2"/><line number="123" hits="0"/><line number="124" hits="2"/><line number="125" hits="2"/><line number="126" hits="2"/><line number="131" hits="1"/><line number="134" hits="3"/></lines></class></classes></package><package name="src/constraints/column_constraints" line-rate="0.8347107438016529" branch-rate="0" complexity="0"><classes><class name="lowercase_column_name" filename="src/constraints/column_constraints/lowercase_column_name.rs" line-rate="0.8181818181818182" branch-rate="0" complexity="0"><methods/><lines><line number="32" hits="2"/><line number="33" hits="2"/><line number="38" hits="1"/><line number="39" hits="2"/><line number="40" hits="3"/><line number="41" hits="1"/><line number="48" hits="2"/><line number="53" hits="2"/><line number="56" hits="11"/><line number="58" hits="1"/><line number="60" hits="4"/><line number="61" hits="3"/><line number="62" hits="3"/><line number="64" hits="3"/><line number="67" hits="2"/><line number="69" hits="2"/><line number="70" hits="0"/><line number="71" hits="0"/><line number="74" hits="2"/><line number="75" hits="0"/><line number="76" hits="0"/><line number="81" hits="1"/></lines></class><class name="no_rust_keyword_column_name" filename="src/constraints/column_constraints/no_rust_keyword_column_name.rs" line-rate="0.8" branch-rate="0" complexity="0"><methods/><lines><line number="34" hits="2"/><line number="35" hits="2"/><line number="42" hits="1"/><line number="43" hits="2"/><line number="44" hits="3"/><line number="45" hits="1"/><line number="52" hits="2"/><line number="57" hits="6"/><line number="58" hits="4"/><line number="59" hits="4"/><line number="60" hits="3"/><line number="63" hits="2"/><line number="65" hits="2"/><line number="66" hits="0"/><line number="67" hits="0"/><line number="70" hits="2"/><line number="71" hits="0"/><line number="72" hits="0"/><line number="77" hits="1"/><line number="79" hits="1"/></lines></class><class name="non_composite_primary_key_named_id" filename="src/constraints/column_constraints/non_composite_primary_key_named_id.rs" line-rate="0.8076923076923077" branch-rate="0" complexity="0"><methods/><lines><line number="43" hits="2"/><line number="44" hits="2"/><line number="51" hits="1"/><line number="52" hits="2"/><line number="53" hits="3"/><line number="54" hits="1"/><line number="61" hits="6"/><line number="67" hits="12"/><line number="68" hits="4"/><line number="72" hits="8"/><line number="73" hits="12"/><line number="76" hits="2"/><line number="77" hits="0"/><line number="81" hits="2"/><line number="82" hits="1"/><line number="84" hits="3"/><line number="85" hits="3"/><line number="87" hits="3"/><line number="90" hits="2"/><line number="92" hits="2"/><line number="93" hits="0"/><line number="94" hits="0"/><line number="97" hits="2"/><line number="98" hits="0"/><line number="99" hits="0"/><line number="104" hits="1"/></lines></class><class name="singular_column_name" filename="src/constraints/column_constraints/singular_column_name.rs" line-rate="0.92" branch-rate="0" complexity="0"><methods/><lines><line number="64" hits="2"/><line number="65" hits="2"/><line number="70" hits="1"/><line number="71" hits="2"/><line number="72" hits="3"/><line number="73" hits="1"/><line number="80" hits="10"/><line number="85" hits="30"/><line number="86" hits="50"/><line number="90" hits="30"/><line number="92" hits="10"/><line number="93" hits="5"/><line number="95" hits="20"/><line number="96" hits="15"/><line number="97" hits="15"/><line number="98" hits="4"/><line number="99" hits="2"/><line number="101" hits="8"/><line number="104" hits="15"/><line number="107" hits="10"/><line number="109" hits="10"/><line number="110" hits="0"/><line number="113" hits="10"/><line number="114" hits="0"/><line number="119" hits="5"/></lines></class><class name="snake_case_column_name" filename="src/constraints/column_constraints/snake_case_column_name.rs" line-rate="0.8214285714285714" branch-rate="0" complexity="0"><methods/><lines><line number="51" hits="2"/><line number="52" hits="2"/><line number="57" hits="1"/><line number="58" hits="2"/><line number="59" hits="3"/><line number="60" hits="1"/><line number="67" hits="6"/><line number="72" hits="18"/><line number="73" hits="18"/><line number="76" hits="6"/><line number="77" hits="3"/><line number="79" hits="12"/><line number="80" hits="9"/><line number="81" hits="6"/><line number="83" hits="9"/><line number="84" hits="1"/><line number="85" hits="12"/><line number="86" hits="2"/><line number="87" hits="0"/><line number="88" hits="0"/><line number="90" hits="0"/><line number="93" hits="9"/><line number="96" hits="6"/><line number="98" hits="6"/><line number="99" hits="0"/><line number="102" hits="6"/><line number="103" hits="0"/><line number="108" hits="3"/></lines></class></classes></package><package name="src/constraints" line-rate="0.8407202216066482" branch-rate="0" complexity="0"><classes><class name="rust_keywords" filename="src/constraints/rust_keywords.rs" line-rate="1" branch-rate="0" complexity="0"><methods/><lines><line number="15" hits="6"/><line number="16" hits="18"/></lines></class></classes></package></packages></coverage>